#
# There is insufficient memory for the Java Runtime Environment to continue.
# Native memory allocation (malloc) failed to allocate 1048576 bytes. Error detail: AllocateHeap
# Possible reasons:
#   The system is out of physical RAM or swap space
#   This process is running with CompressedOops enabled, and the Java Heap may be blocking the growth of the native heap
# Possible solutions:
#   Reduce memory load on the system
#   Increase physical memory or swap space
#   Check if swap backing store is full
#   Decrease Java heap size (-Xmx/-Xms)
#   Decrease number of Java threads
#   Decrease Java thread stack sizes (-Xss)
#   Set larger code cache with -XX:ReservedCodeCacheSize=
#   JVM is running with Unscaled Compressed Oops mode in which the Java heap is
#     placed in the first 4GB address space. The Java Heap base address is the
#     maximum limit for the native heap growth. Please use -XX:HeapBaseMinAddress
#     to set the Java Heap base and to place the Java Heap above 4GB virtual address.
# This output file may be truncated or incomplete.
#
#  Out of Memory Error (allocation.cpp:44), pid=26704, tid=8656
#
# JRE version: OpenJDK Runtime Environment Temurin-21.0.10+7 (21.0.10+7) (build 21.0.10+7-LTS)
# Java VM: OpenJDK 64-Bit Server VM Temurin-21.0.10+7 (21.0.10+7-LTS, mixed mode, sharing, tiered, compressed oops, compressed class ptrs, parallel gc, windows-amd64)
# No core dump will be written. Minidumps are not enabled by default on client versions of Windows
#

---------------  S U M M A R Y ------------

Command Line: --add-modules=ALL-SYSTEM --add-opens=java.base/java.util=ALL-UNNAMED --add-opens=java.base/java.lang=ALL-UNNAMED --add-opens=java.base/sun.nio.fs=ALL-UNNAMED -Declipse.application=org.eclipse.jdt.ls.core.id1 -Dosgi.bundles.defaultStartLevel=4 -Declipse.product=org.eclipse.jdt.ls.core.product -Djava.import.generatesMetadataFilesAtProjectRoot=false -DDetectVMInstallationsJob.disabled=true -Dfile.encoding=utf8 -XX:+UseParallelGC -XX:GCTimeRatio=4 -XX:AdaptiveSizePolicyWeight=90 -Dsun.zip.disableMemoryMapping=true -Xmx2G -Xms100m -Xlog:disable -javaagent:c:\Users\Laptop K1\.vscode\extensions\redhat.java-1.54.0-win32-x64\lombok\lombok-1.18.39-4050.jar -XX:+HeapDumpOnOutOfMemoryError -XX:HeapDumpPath=c:\Users\Laptop K1\AppData\Roaming\Code\User\workspaceStorage\46da31d0689908d64825e65ffbf8c604\redhat.java -Daether.dependencyCollector.impl=bf c:\Users\Laptop K1\.vscode\extensions\redhat.java-1.54.0-win32-x64\server\plugins\org.eclipse.equinox.launcher_1.7.100.v20251111-0406.jar -configuration c:\Users\Laptop K1\AppData\Roaming\Code\User\globalStorage\redhat.java\1.54.0\config_win -data c:\Users\Laptop K1\AppData\Roaming\Code\User\workspaceStorage\46da31d0689908d64825e65ffbf8c604\redhat.java\jdt_ws --pipe=\\.\pipe\lsp-01a7d3958e3f83ecb292a8b25a384b0c-sock

Host: 12th Gen Intel(R) Core(TM) i5-12500H, 16 cores, 15G,  Windows 11 , 64 bit Build 26100 (10.0.26100.8328)
Time: Thu Jun  4 14:57:51 2026 SE Asia Standard Time elapsed time: 24261.088743 seconds (0d 6h 44m 21s)

---------------  T H R E A D  ---------------

Current thread (0x0000014cb5ebca30):  JavaThread "Attach Listener" daemon [_thread_in_vm, id=8656, stack(0x0000002eed700000,0x0000002eed800000) (1024K)]

Stack: [0x0000002eed700000,0x0000002eed800000]
Native frames: (J=compiled Java code, j=interpreted, Vv=VM code, C=native code)
V  [jvm.dll+0x6d7a39]
V  [jvm.dll+0x8b4b26]
V  [jvm.dll+0x8b70de]
V  [jvm.dll+0x8b77c3]
V  [jvm.dll+0x284346]
V  [jvm.dll+0xc1277]
V  [jvm.dll+0x6d82e9]
V  [jvm.dll+0x1334a6]
V  [jvm.dll+0x3f857e]
V  [jvm.dll+0x85f59d]
V  [jvm.dll+0x6d626d]
C  [ucrtbase.dll+0x37b0]
C  [KERNEL32.DLL+0x2e957]
C  [ntdll.dll+0x427c]


---------------  P R O C E S S  ---------------

Threads class SMR info:
_java_thread_list=0x0000014d18178bb0, length=42, elements={
0x0000014cb3b6ef50, 0x0000014cb5fdde20, 0x0000014cb5eb4fd0, 0x0000014cb5eb9860,
0x0000014cb5ebca30, 0x0000014cb5ec2270, 0x0000014cb5ec4480, 0x0000014cb5eca2b0,
0x0000014d0ed6ad50, 0x0000014d0eff3f10, 0x0000014d0f0ddd10, 0x0000014d1098e430,
0x0000014d15165df0, 0x0000014d109e73f0, 0x0000014d15386a10, 0x0000014d1582eda0,
0x0000014d159ce7a0, 0x0000014d1546a1e0, 0x0000014d15468110, 0x0000014d15467a80,
0x0000014d171907a0, 0x0000014d17190e30, 0x0000014d1718f3f0, 0x0000014d1718fa80,
0x0000014d17190110, 0x0000014d171914c0, 0x0000014d1718e040, 0x0000014d17191b50,
0x0000014d1718e6d0, 0x0000014d17192870, 0x0000014d171942b0, 0x0000014d17192f00,
0x0000014d17194940, 0x0000014d171921e0, 0x0000014d17193590, 0x0000014d17194fd0,
0x0000014d17193c20, 0x0000014d17195660, 0x0000014d1832ee00, 0x0000014d1832f490,
0x0000014d171ebd80, 0x0000014d171e9cb0
}

Java Threads: ( => current thread )
  0x0000014cb3b6ef50 JavaThread "main"                              [_thread_blocked, id=18092, stack(0x0000002eed000000,0x0000002eed100000) (1024K)]
  0x0000014cb5fdde20 JavaThread "Reference Handler"          daemon [_thread_blocked, id=23692, stack(0x0000002eed400000,0x0000002eed500000) (1024K)]
  0x0000014cb5eb4fd0 JavaThread "Finalizer"                  daemon [_thread_blocked, id=12408, stack(0x0000002eed500000,0x0000002eed600000) (1024K)]
  0x0000014cb5eb9860 JavaThread "Signal Dispatcher"          daemon [_thread_blocked, id=26200, stack(0x0000002eed600000,0x0000002eed700000) (1024K)]
=>0x0000014cb5ebca30 JavaThread "Attach Listener"            daemon [_thread_in_vm, id=8656, stack(0x0000002eed700000,0x0000002eed800000) (1024K)]
  0x0000014cb5ec2270 JavaThread "Service Thread"             daemon [_thread_blocked, id=23356, stack(0x0000002eed800000,0x0000002eed900000) (1024K)]
  0x0000014cb5ec4480 JavaThread "Monitor Deflation Thread"   daemon [_thread_blocked, id=10676, stack(0x0000002eed900000,0x0000002eeda00000) (1024K)]
  0x0000014cb5eca2b0 JavaThread "C2 CompilerThread0"         daemon [_thread_blocked, id=23744, stack(0x0000002eeda00000,0x0000002eedb00000) (1024K)]
  0x0000014d0ed6ad50 JavaThread "C1 CompilerThread0"         daemon [_thread_blocked, id=19060, stack(0x0000002eedb00000,0x0000002eedc00000) (1024K)]
  0x0000014d0eff3f10 JavaThread "Common-Cleaner"             daemon [_thread_blocked, id=15888, stack(0x0000002eede00000,0x0000002eedf00000) (1024K)]
  0x0000014d0f0ddd10 JavaThread "Notification Thread"        daemon [_thread_blocked, id=18352, stack(0x0000002eedf00000,0x0000002eee000000) (1024K)]
  0x0000014d1098e430 JavaThread "Active Thread: Equinox Container: 1e264532-7af9-49ab-bb84-a6338e0ea8d1"        [_thread_blocked, id=16416, stack(0x0000002eee600000,0x0000002eee700000) (1024K)]
  0x0000014d15165df0 JavaThread "Refresh Thread: Equinox Container: 1e264532-7af9-49ab-bb84-a6338e0ea8d1" daemon [_thread_blocked, id=17912, stack(0x0000002eee800000,0x0000002eee900000) (1024K)]
  0x0000014d109e73f0 JavaThread "Framework Event Dispatcher: Equinox Container: 1e264532-7af9-49ab-bb84-a6338e0ea8d1" daemon [_thread_blocked, id=7212, stack(0x0000002eee900000,0x0000002eeea00000) (1024K)]
  0x0000014d15386a10 JavaThread "Start Level: Equinox Container: 1e264532-7af9-49ab-bb84-a6338e0ea8d1" daemon [_thread_blocked, id=18288, stack(0x0000002eeea00000,0x0000002eeeb00000) (1024K)]
  0x0000014d1582eda0 JavaThread "Bundle File Closer"         daemon [_thread_blocked, id=27420, stack(0x0000002eeee00000,0x0000002eeef00000) (1024K)]
  0x0000014d159ce7a0 JavaThread "SCR Component Actor"        daemon [_thread_blocked, id=30228, stack(0x0000002eeef00000,0x0000002eef000000) (1024K)]
  0x0000014d1546a1e0 JavaThread "Worker-JM"                         [_thread_blocked, id=10840, stack(0x0000002eef100000,0x0000002eef200000) (1024K)]
  0x0000014d15468110 JavaThread "JNA Cleaner"                daemon [_thread_blocked, id=10740, stack(0x0000002eef000000,0x0000002eef100000) (1024K)]
  0x0000014d15467a80 JavaThread "Java indexing"              daemon [_thread_blocked, id=29996, stack(0x0000002eefa00000,0x0000002eefb00000) (1024K)]
  0x0000014d171907a0 JavaThread "Thread-1"                   daemon [_thread_in_native, id=5680, stack(0x0000002eeff00000,0x0000002ef0000000) (1024K)]
  0x0000014d17190e30 JavaThread "Thread-2"                   daemon [_thread_in_native, id=9704, stack(0x0000002ef0000000,0x0000002ef0100000) (1024K)]
  0x0000014d1718f3f0 JavaThread "Thread-3"                   daemon [_thread_in_native, id=25104, stack(0x0000002ef0100000,0x0000002ef0200000) (1024K)]
  0x0000014d1718fa80 JavaThread "Thread-4"                   daemon [_thread_in_native, id=12324, stack(0x0000002ef0200000,0x0000002ef0300000) (1024K)]
  0x0000014d17190110 JavaThread "Thread-5"                   daemon [_thread_in_native, id=16272, stack(0x0000002ef0300000,0x0000002ef0400000) (1024K)]
  0x0000014d171914c0 JavaThread "Thread-6"                   daemon [_thread_in_native, id=27636, stack(0x0000002ef0400000,0x0000002ef0500000) (1024K)]
  0x0000014d1718e040 JavaThread "Thread-7"                   daemon [_thread_in_native, id=14048, stack(0x0000002ef0500000,0x0000002ef0600000) (1024K)]
  0x0000014d17191b50 JavaThread "Thread-8"                   daemon [_thread_in_native, id=12696, stack(0x0000002ef0600000,0x0000002ef0700000) (1024K)]
  0x0000014d1718e6d0 JavaThread "Thread-9"                   daemon [_thread_in_native, id=8236, stack(0x0000002ef0700000,0x0000002ef0800000) (1024K)]
  0x0000014d17192870 JavaThread "Thread-10"                  daemon [_thread_in_native, id=15324, stack(0x0000002ef0800000,0x0000002ef0900000) (1024K)]
  0x0000014d171942b0 JavaThread "Thread-11"                  daemon [_thread_in_native, id=19116, stack(0x0000002ef0900000,0x0000002ef0a00000) (1024K)]
  0x0000014d17192f00 JavaThread "Thread-12"                  daemon [_thread_in_native, id=26608, stack(0x0000002ef0a00000,0x0000002ef0b00000) (1024K)]
  0x0000014d17194940 JavaThread "Thread-13"                  daemon [_thread_in_native, id=19136, stack(0x0000002ef0b00000,0x0000002ef0c00000) (1024K)]
  0x0000014d171921e0 JavaThread "Thread-14"                  daemon [_thread_in_native, id=25012, stack(0x0000002ef0c00000,0x0000002ef0d00000) (1024K)]
  0x0000014d17193590 JavaThread "Thread-15"                  daemon [_thread_in_native, id=18424, stack(0x0000002ef0d00000,0x0000002ef0e00000) (1024K)]
  0x0000014d17194fd0 JavaThread "Thread-16"                  daemon [_thread_in_native, id=25236, stack(0x0000002ef0e00000,0x0000002ef0f00000) (1024K)]
  0x0000014d17193c20 JavaThread "Thread-17"                  daemon [_thread_in_native, id=28980, stack(0x0000002ef0f00000,0x0000002ef1000000) (1024K)]
  0x0000014d17195660 JavaThread "pool-2-thread-1"                   [_thread_blocked, id=12276, stack(0x0000002ef1000000,0x0000002ef1100000) (1024K)]
  0x0000014d1832ee00 JavaThread "WorkspaceEventsHandler"            [_thread_blocked, id=7492, stack(0x0000002ef1200000,0x0000002ef1300000) (1024K)]
  0x0000014d1832f490 JavaThread "pool-1-thread-1"                   [_thread_blocked, id=23596, stack(0x0000002ef1300000,0x0000002ef1400000) (1024K)]
  0x0000014d171ebd80 JavaThread "Worker-27"                         [_thread_blocked, id=17420, stack(0x0000002eef400000,0x0000002eef500000) (1024K)]
  0x0000014d171e9cb0 JavaThread "Worker-29"                         [_thread_blocked, id=33232, stack(0x0000002eef700000,0x0000002eef800000) (1024K)]
Total: 42

Other Threads:
  0x0000014cb5eb2d40 VMThread "VM Thread"                           [id=25128, stack(0x0000002eed300000,0x0000002eed400000) (1024K)]
  0x0000014cb5daba00 WatcherThread "VM Periodic Task Thread"        [id=10700, stack(0x0000002eed200000,0x0000002eed300000) (1024K)]
  0x0000014cb5f42300 WorkerThread "GC Thread#0"                     [id=18924, stack(0x0000002eed100000,0x0000002eed200000) (1024K)]
  0x0000014d10910d70 WorkerThread "GC Thread#1"                     [id=5488, stack(0x0000002eee000000,0x0000002eee100000) (1024K)]
  0x0000014d1077e390 WorkerThread "GC Thread#2"                     [id=27736, stack(0x0000002eee100000,0x0000002eee200000) (1024K)]
  0x0000014d1090ddc0 WorkerThread "GC Thread#3"                     [id=27416, stack(0x0000002eee200000,0x0000002eee300000) (1024K)]
  0x0000014d1090e170 WorkerThread "GC Thread#4"                     [id=19924, stack(0x0000002eee300000,0x0000002eee400000) (1024K)]
  0x0000014d10a9cd00 WorkerThread "GC Thread#5"                     [id=14612, stack(0x0000002eee400000,0x0000002eee500000) (1024K)]
  0x0000014d10aa34e0 WorkerThread "GC Thread#6"                     [id=12564, stack(0x0000002eee500000,0x0000002eee600000) (1024K)]
  0x0000014d15082460 WorkerThread "GC Thread#7"                     [id=29616, stack(0x0000002eee700000,0x0000002eee800000) (1024K)]
  0x0000014d15416ab0 WorkerThread "GC Thread#8"                     [id=13652, stack(0x0000002eeeb00000,0x0000002eeec00000) (1024K)]
  0x0000014d15416e60 WorkerThread "GC Thread#9"                     [id=27360, stack(0x0000002eeec00000,0x0000002eeed00000) (1024K)]
  0x0000014d15417620 WorkerThread "GC Thread#10"                    [id=26316, stack(0x0000002eeed00000,0x0000002eeee00000) (1024K)]
  0x0000014d1572d8b0 WorkerThread "GC Thread#11"                    [id=2696, stack(0x0000002eef200000,0x0000002eef300000) (1024K)]
  0x0000014d1572eb20 WorkerThread "GC Thread#12"                    [id=7192, stack(0x0000002eef300000,0x0000002eef400000) (1024K)]
Total: 15

Threads with active compile tasks:
Total: 0

VM state: not at safepoint (normal execution)

VM Mutex/Monitor currently owned by a thread: None

Heap address: 0x0000000080000000, size: 2048 MB, Compressed Oops mode: 32-bit

CDS archive(s) mapped at: [0x0000014ccd000000-0x0000014ccdba0000-0x0000014ccdba0000), size 12189696, SharedBaseAddress: 0x0000014ccd000000, ArchiveRelocationMode: 1.
Compressed class space mapped at: 0x0000014cce000000-0x0000014d0e000000, reserved size: 1073741824
Narrow klass base: 0x0000014ccd000000, Narrow klass shift: 0, Narrow klass range: 0x100000000

GC Precious Log:
 CardTable entry size: 512
 CPUs: 16 total, 16 available
 Memory: 16176M
 Large Page Support: Disabled
 NUMA Support: Disabled
 Compressed Oops: Enabled (32-bit)
 Alignments: Space 512K, Generation 512K, Heap 2M
 Heap Min Capacity: 100M
 Heap Initial Capacity: 100M
 Heap Max Capacity: 2G
 Pre-touch: Disabled
 Parallel Workers: 13

Heap:
 PSYoungGen      total 6656K, used 6437K [0x00000000d5580000, 0x00000000d6080000, 0x0000000100000000)
  eden space 5120K, 96% used [0x00000000d5580000,0x00000000d5a4e5e0,0x00000000d5a80000)
  from space 1536K, 98% used [0x00000000d5f00000,0x00000000d607b190,0x00000000d6080000)
  to   space 2048K, 0% used [0x00000000d5c80000,0x00000000d5c80000,0x00000000d5e80000)
 ParOldGen       total 574464K, used 574462K [0x0000000080000000, 0x00000000a3100000, 0x00000000d5580000)
  object space 574464K, 99% used [0x0000000080000000,0x00000000a30ff8a0,0x00000000a3100000)
 Metaspace       used 78428K, committed 79936K, reserved 1179648K
  class space    used 8032K, committed 8704K, reserved 1048576K

Card table byte_map: [0x0000014cb58c0000,0x0000014cb5cd0000] _byte_map_base: 0x0000014cb54c0000

Marking Bits: (ParMarkBitMap*) 0x00007ffa8c923450
 Begin Bits: [0x0000014cc83d0000, 0x0000014cca3d0000)
 End Bits:   [0x0000014cca3d0000, 0x0000014ccc3d0000)

Polling page: 0x0000014cb3ce0000

Metaspace:

Usage:
  Non-class:     68.75 MB used.
      Class:      7.84 MB used.
       Both:     76.59 MB used.

Virtual space:
  Non-class space:      128.00 MB reserved,      69.56 MB ( 54%) committed,  2 nodes.
      Class space:        1.00 GB reserved,       8.50 MB ( <1%) committed,  1 nodes.
             Both:        1.12 GB reserved,      78.06 MB (  7%) committed. 

Chunk freelists:
   Non-Class:  9.86 MB
       Class:  7.49 MB
        Both:  17.34 MB

MaxMetaspaceSize: unlimited
CompressedClassSpaceSize: 1.00 GB
Initial GC threshold: 21.00 MB
Current GC threshold: 114.81 MB
CDS: on
 - commit_granule_bytes: 65536.
 - commit_granule_words: 8192.
 - virtual_space_node_default_size: 8388608.
 - enlarge_chunks_in_place: 1.
 - use_allocation_guard: 0.


Internal statistics:

num_allocs_failed_limit: 9.
num_arena_births: 1554.
num_arena_deaths: 426.
num_vsnodes_births: 3.
num_vsnodes_deaths: 0.
num_space_committed: 1249.
num_space_uncommitted: 0.
num_chunks_returned_to_freelist: 498.
num_chunks_taken_from_freelist: 5431.
num_chunk_merges: 130.
num_chunk_splits: 3123.
num_chunks_enlarged: 1734.
num_inconsistent_stats: 0.

CodeHeap 'non-profiled nmethods': size=119168Kb used=14462Kb max_used=14462Kb free=104705Kb
 bounds [0x0000014cc0cc0000, 0x0000014cc1ae0000, 0x0000014cc8120000]
CodeHeap 'profiled nmethods': size=119104Kb used=38318Kb max_used=38318Kb free=80785Kb
 bounds [0x0000014cb9120000, 0x0000014cbb690000, 0x0000014cc0570000]
CodeHeap 'non-nmethods': size=7488Kb used=1492Kb max_used=3239Kb free=5995Kb
 bounds [0x0000014cc0570000, 0x0000014cc08b0000, 0x0000014cc0cc0000]
CodeCache: size=245760Kb, used=54272Kb, max_used=56019Kb, free=191485Kb
 total_blobs=17336, nmethods=16524, adapters=715, full_count=0
Compilation: enabled, stopped_count=0, restarted_count=0

Compilation events (20 events):
Event: 23605.517 Thread 0x0000014d0ed6ad50 19013       1       org.eclipse.jdt.internal.launching.LibraryInfo::getVersion (5 bytes)
Event: 23605.517 Thread 0x0000014d0ed6ad50 nmethod 19013 0x0000014cc1adf890 code [0x0000014cc1adfa20, 0x0000014cc1adfae8]
Event: 23605.631 Thread 0x0000014d0ed6ad50 19015       3       org.eclipse.lsp4j.ProgressParams::<init> (31 bytes)
Event: 23605.633 Thread 0x0000014d0ed6ad50 nmethod 19015 0x0000014cbb685290 code [0x0000014cbb6854a0, 0x0000014cbb685a48]
Event: 23605.633 Thread 0x0000014d0ed6ad50 19016   !   3       jdk.proxy6.$Proxy23::notifyProgress (34 bytes)
Event: 23605.634 Thread 0x0000014d0ed6ad50 nmethod 19016 0x0000014cbb685c90 code [0x0000014cbb685e60, 0x0000014cbb686348]
Event: 23605.634 Thread 0x0000014d0ed6ad50 19017       3       com.google.gson.internal.bind.TypeAdapters$32$1::write (13 bytes)
Event: 23605.635 Thread 0x0000014d0ed6ad50 nmethod 19017 0x0000014cbb686590 code [0x0000014cbb686740, 0x0000014cbb686920]
Event: 23605.635 Thread 0x0000014d0ed6ad50 19018       3       org.eclipse.lsp4j.adapters.WorkDoneProgressNotificationAdapter::write (10 bytes)
Event: 23605.635 Thread 0x0000014d0ed6ad50 nmethod 19018 0x0000014cbb686a10 code [0x0000014cbb686bc0, 0x0000014cbb686e20]
Event: 23605.635 Thread 0x0000014d0ed6ad50 19019       3       org.eclipse.lsp4j.adapters.WorkDoneProgressNotificationAdapter::write (247 bytes)
Event: 23605.639 Thread 0x0000014d0ed6ad50 nmethod 19019 0x0000014cbb686f10 code [0x0000014cbb687460, 0x0000014cbb689d50]
Event: 23605.639 Thread 0x0000014d0ed6ad50 19020       3       org.eclipse.jdt.ls.core.internal.handlers.ProgressReporterManager$ProgressReporter::done (9 bytes)
Event: 23605.639 Thread 0x0000014d0ed6ad50 nmethod 19020 0x0000014cbb68a910 code [0x0000014cbb68aac0, 0x0000014cbb68acb8]
Event: 23605.639 Thread 0x0000014d0ed6ad50 19021       3       org.eclipse.jdt.ls.core.internal.CancellableProgressMonitor::done (10 bytes)
Event: 23605.639 Thread 0x0000014d0ed6ad50 nmethod 19021 0x0000014cbb68ad90 code [0x0000014cbb68af40, 0x0000014cbb68b0a8]
Event: 23833.450 Thread 0x0000014d0ed6ad50 19022       3       java.util.concurrent.ThreadPoolExecutor::runStateLessThan (11 bytes)
Event: 23833.450 Thread 0x0000014d0ed6ad50 nmethod 19022 0x0000014cbb68b190 code [0x0000014cbb68b320, 0x0000014cbb68b460]
Event: 24093.977 Thread 0x0000014d0ed6ad50 19023   !   3       org.eclipse.core.internal.jobs.ImplicitJobs::notifyWaitingThreadJobs (23 bytes)
Event: 24093.977 Thread 0x0000014d0ed6ad50 nmethod 19023 0x0000014cbb68b510 code [0x0000014cbb68b6c0, 0x0000014cbb68b910]

GC Heap History (20 events):
Event: 23533.410 GC heap before
{Heap before GC invocations=1362 (full 4):
 PSYoungGen      total 12800K, used 12485K [0x00000000d5580000, 0x00000000d6a00000, 0x0000000100000000)
  eden space 7168K, 96% used [0x00000000d5580000,0x00000000d5c38600,0x00000000d5c80000)
  from space 5632K, 99% used [0x00000000d6480000,0x00000000d69f91d0,0x00000000d6a00000)
  to   space 6144K, 0% used [0x00000000d5e00000,0x00000000d5e00000,0x00000000d6400000)
 ParOldGen       total 531968K, used 531934K [0x0000000080000000, 0x00000000a0780000, 0x00000000d5580000)
  object space 531968K, 99% used [0x0000000080000000,0x00000000a0777860,0x00000000a0780000)
 Metaspace       used 78316K, committed 79808K, reserved 1179648K
  class space    used 8032K, committed 8704K, reserved 1048576K
}
Event: 23533.418 GC heap after
{Heap after GC invocations=1362 (full 4):
 PSYoungGen      total 13312K, used 6128K [0x00000000d5580000, 0x00000000d7680000, 0x0000000100000000)
  eden space 7168K, 0% used [0x00000000d5580000,0x00000000d5580000,0x00000000d5c80000)
  from space 6144K, 99% used [0x00000000d5e00000,0x00000000d63fc000,0x00000000d6400000)
  to   space 13312K, 0% used [0x00000000d6980000,0x00000000d6980000,0x00000000d7680000)
 ParOldGen       total 537600K, used 537586K [0x0000000080000000, 0x00000000a0d00000, 0x00000000d5580000)
  object space 537600K, 99% used [0x0000000080000000,0x00000000a0cfca40,0x00000000a0d00000)
 Metaspace       used 78316K, committed 79808K, reserved 1179648K
  class space    used 8032K, committed 8704K, reserved 1048576K
}
Event: 23533.467 GC heap before
{Heap before GC invocations=1363 (full 4):
 PSYoungGen      total 13312K, used 13296K [0x00000000d5580000, 0x00000000d7680000, 0x0000000100000000)
  eden space 7168K, 100% used [0x00000000d5580000,0x00000000d5c80000,0x00000000d5c80000)
  from space 6144K, 99% used [0x00000000d5e00000,0x00000000d63fc000,0x00000000d6400000)
  to   space 13312K, 0% used [0x00000000d6980000,0x00000000d6980000,0x00000000d7680000)
 ParOldGen       total 537600K, used 537586K [0x0000000080000000, 0x00000000a0d00000, 0x00000000d5580000)
  object space 537600K, 99% used [0x0000000080000000,0x00000000a0cfca40,0x00000000a0d00000)
 Metaspace       used 78319K, committed 79808K, reserved 1179648K
  class space    used 8032K, committed 8704K, reserved 1048576K
}
Event: 23533.476 GC heap after
{Heap after GC invocations=1363 (full 4):
 PSYoungGen      total 14336K, used 6723K [0x00000000d5580000, 0x00000000d7080000, 0x0000000100000000)
  eden space 7168K, 0% used [0x00000000d5580000,0x00000000d5580000,0x00000000d5c80000)
  from space 7168K, 93% used [0x00000000d6980000,0x00000000d7010ea0,0x00000000d7080000)
  to   space 8704K, 0% used [0x00000000d5f80000,0x00000000d5f80000,0x00000000d6800000)
 ParOldGen       total 543744K, used 543258K [0x0000000080000000, 0x00000000a1300000, 0x00000000d5580000)
  object space 543744K, 99% used [0x0000000080000000,0x00000000a1286a40,0x00000000a1300000)
 Metaspace       used 78319K, committed 79808K, reserved 1179648K
  class space    used 8032K, committed 8704K, reserved 1048576K
}
Event: 23533.538 GC heap before
{Heap before GC invocations=1364 (full 4):
 PSYoungGen      total 14336K, used 13891K [0x00000000d5580000, 0x00000000d7080000, 0x0000000100000000)
  eden space 7168K, 100% used [0x00000000d5580000,0x00000000d5c80000,0x00000000d5c80000)
  from space 7168K, 93% used [0x00000000d6980000,0x00000000d7010ea0,0x00000000d7080000)
  to   space 8704K, 0% used [0x00000000d5f80000,0x00000000d5f80000,0x00000000d6800000)
 ParOldGen       total 543744K, used 543258K [0x0000000080000000, 0x00000000a1300000, 0x00000000d5580000)
  object space 543744K, 99% used [0x0000000080000000,0x00000000a1286a40,0x00000000a1300000)
 Metaspace       used 78323K, committed 79808K, reserved 1179648K
  class space    used 8032K, committed 8704K, reserved 1048576K
}
Event: 23533.547 GC heap after
{Heap after GC invocations=1364 (full 4):
 PSYoungGen      total 10240K, used 2848K [0x00000000d5580000, 0x00000000d6a00000, 0x0000000100000000)
  eden space 7168K, 0% used [0x00000000d5580000,0x00000000d5580000,0x00000000d5c80000)
  from space 3072K, 92% used [0x00000000d5f80000,0x00000000d6248000,0x00000000d6280000)
  to   space 4608K, 0% used [0x00000000d6580000,0x00000000d6580000,0x00000000d6a00000)
 ParOldGen       total 549888K, used 549804K [0x0000000080000000, 0x00000000a1900000, 0x00000000d5580000)
  object space 549888K, 99% used [0x0000000080000000,0x00000000a18eb378,0x00000000a1900000)
 Metaspace       used 78323K, committed 79808K, reserved 1179648K
  class space    used 8032K, committed 8704K, reserved 1048576K
}
Event: 23533.585 GC heap before
{Heap before GC invocations=1365 (full 4):
 PSYoungGen      total 10240K, used 10016K [0x00000000d5580000, 0x00000000d6a00000, 0x0000000100000000)
  eden space 7168K, 100% used [0x00000000d5580000,0x00000000d5c80000,0x00000000d5c80000)
  from space 3072K, 92% used [0x00000000d5f80000,0x00000000d6248000,0x00000000d6280000)
  to   space 4608K, 0% used [0x00000000d6580000,0x00000000d6580000,0x00000000d6a00000)
 ParOldGen       total 549888K, used 549804K [0x0000000080000000, 0x00000000a1900000, 0x00000000d5580000)
  object space 549888K, 99% used [0x0000000080000000,0x00000000a18eb378,0x00000000a1900000)
 Metaspace       used 78331K, committed 79808K, reserved 1179648K
  class space    used 8032K, committed 8704K, reserved 1048576K
}
Event: 23533.590 GC heap after
{Heap after GC invocations=1365 (full 4):
 PSYoungGen      total 9216K, used 1877K [0x00000000d5580000, 0x00000000d6780000, 0x0000000100000000)
  eden space 7168K, 0% used [0x00000000d5580000,0x00000000d5580000,0x00000000d5c80000)
  from space 2048K, 91% used [0x00000000d6580000,0x00000000d6755550,0x00000000d6780000)
  to   space 2560K, 0% used [0x00000000d6280000,0x00000000d6280000,0x00000000d6500000)
 ParOldGen       total 552448K, used 552434K [0x0000000080000000, 0x00000000a1b80000, 0x00000000d5580000)
  object space 552448K, 99% used [0x0000000080000000,0x00000000a1b7c8e0,0x00000000a1b80000)
 Metaspace       used 78331K, committed 79808K, reserved 1179648K
  class space    used 8032K, committed 8704K, reserved 1048576K
}
Event: 23599.278 GC heap before
{Heap before GC invocations=1366 (full 4):
 PSYoungGen      total 9216K, used 9045K [0x00000000d5580000, 0x00000000d6780000, 0x0000000100000000)
  eden space 7168K, 100% used [0x00000000d5580000,0x00000000d5c80000,0x00000000d5c80000)
  from space 2048K, 91% used [0x00000000d6580000,0x00000000d6755550,0x00000000d6780000)
  to   space 2560K, 0% used [0x00000000d6280000,0x00000000d6280000,0x00000000d6500000)
 ParOldGen       total 552448K, used 552434K [0x0000000080000000, 0x00000000a1b80000, 0x00000000d5580000)
  object space 552448K, 99% used [0x0000000080000000,0x00000000a1b7c8e0,0x00000000a1b80000)
 Metaspace       used 78337K, committed 79808K, reserved 1179648K
  class space    used 8032K, committed 8704K, reserved 1048576K
}
Event: 23599.286 GC heap after
{Heap after GC invocations=1366 (full 4):
 PSYoungGen      total 9728K, used 2532K [0x00000000d5580000, 0x00000000d6a80000, 0x0000000100000000)
  eden space 7168K, 0% used [0x00000000d5580000,0x00000000d5580000,0x00000000d5c80000)
  from space 2560K, 98% used [0x00000000d6280000,0x00000000d64f91e0,0x00000000d6500000)
  to   space 5632K, 0% used [0x00000000d6500000,0x00000000d6500000,0x00000000d6a80000)
 ParOldGen       total 556544K, used 556072K [0x0000000080000000, 0x00000000a1f80000, 0x00000000d5580000)
  object space 556544K, 99% used [0x0000000080000000,0x00000000a1f0a388,0x00000000a1f80000)
 Metaspace       used 78337K, committed 79808K, reserved 1179648K
  class space    used 8032K, committed 8704K, reserved 1048576K
}
Event: 23599.331 GC heap before
{Heap before GC invocations=1367 (full 4):
 PSYoungGen      total 9728K, used 9700K [0x00000000d5580000, 0x00000000d6a80000, 0x0000000100000000)
  eden space 7168K, 100% used [0x00000000d5580000,0x00000000d5c80000,0x00000000d5c80000)
  from space 2560K, 98% used [0x00000000d6280000,0x00000000d64f91e0,0x00000000d6500000)
  to   space 5632K, 0% used [0x00000000d6500000,0x00000000d6500000,0x00000000d6a80000)
 ParOldGen       total 556544K, used 556072K [0x0000000080000000, 0x00000000a1f80000, 0x00000000d5580000)
  object space 556544K, 99% used [0x0000000080000000,0x00000000a1f0a388,0x00000000a1f80000)
 Metaspace       used 78337K, committed 79808K, reserved 1179648K
  class space    used 8032K, committed 8704K, reserved 1048576K
}
Event: 23599.342 GC heap after
{Heap after GC invocations=1367 (full 4):
 PSYoungGen      total 10752K, used 5616K [0x00000000d5580000, 0x00000000d7180000, 0x0000000100000000)
  eden space 5120K, 0% used [0x00000000d5580000,0x00000000d5580000,0x00000000d5a80000)
  from space 5632K, 99% used [0x00000000d6500000,0x00000000d6a7c000,0x00000000d6a80000)
  to   space 10752K, 0% used [0x00000000d5a80000,0x00000000d5a80000,0x00000000d6500000)
 ParOldGen       total 560128K, used 559961K [0x0000000080000000, 0x00000000a2300000, 0x00000000d5580000)
  object space 560128K, 99% used [0x0000000080000000,0x00000000a22d6758,0x00000000a2300000)
 Metaspace       used 78337K, committed 79808K, reserved 1179648K
  class space    used 8032K, committed 8704K, reserved 1048576K
}
Event: 23599.414 GC heap before
{Heap before GC invocations=1368 (full 4):
 PSYoungGen      total 10752K, used 10736K [0x00000000d5580000, 0x00000000d7180000, 0x0000000100000000)
  eden space 5120K, 100% used [0x00000000d5580000,0x00000000d5a80000,0x00000000d5a80000)
  from space 5632K, 99% used [0x00000000d6500000,0x00000000d6a7c000,0x00000000d6a80000)
  to   space 10752K, 0% used [0x00000000d5a80000,0x00000000d5a80000,0x00000000d6500000)
 ParOldGen       total 560128K, used 559961K [0x0000000080000000, 0x00000000a2300000, 0x00000000d5580000)
  object space 560128K, 99% used [0x0000000080000000,0x00000000a22d6758,0x00000000a2300000)
 Metaspace       used 78347K, committed 79872K, reserved 1179648K
  class space    used 8032K, committed 8704K, reserved 1048576K
}
Event: 23599.429 GC heap after
{Heap after GC invocations=1368 (full 4):
 PSYoungGen      total 9728K, used 4483K [0x00000000d5580000, 0x00000000d6780000, 0x0000000100000000)
  eden space 5120K, 0% used [0x00000000d5580000,0x00000000d5580000,0x00000000d5a80000)
  from space 4608K, 97% used [0x00000000d5a80000,0x00000000d5ee0e88,0x00000000d5f00000)
  to   space 6656K, 0% used [0x00000000d6100000,0x00000000d6100000,0x00000000d6780000)
 ParOldGen       total 565760K, used 565649K [0x0000000080000000, 0x00000000a2880000, 0x00000000d5580000)
  object space 565760K, 99% used [0x0000000080000000,0x00000000a2864758,0x00000000a2880000)
 Metaspace       used 78347K, committed 79872K, reserved 1179648K
  class space    used 8032K, committed 8704K, reserved 1048576K
}
Event: 23599.446 GC heap before
{Heap before GC invocations=1369 (full 4):
 PSYoungGen      total 9728K, used 9396K [0x00000000d5580000, 0x00000000d6780000, 0x0000000100000000)
  eden space 5120K, 95% used [0x00000000d5580000,0x00000000d5a4c218,0x00000000d5a80000)
  from space 4608K, 97% used [0x00000000d5a80000,0x00000000d5ee0e88,0x00000000d5f00000)
  to   space 6656K, 0% used [0x00000000d6100000,0x00000000d6100000,0x00000000d6780000)
 ParOldGen       total 565760K, used 565649K [0x0000000080000000, 0x00000000a2880000, 0x00000000d5580000)
  object space 565760K, 99% used [0x0000000080000000,0x00000000a2864758,0x00000000a2880000)
 Metaspace       used 78347K, committed 79872K, reserved 1179648K
  class space    used 8032K, committed 8704K, reserved 1048576K
}
Event: 23599.455 GC heap after
{Heap after GC invocations=1369 (full 4):
 PSYoungGen      total 8704K, used 3152K [0x00000000d5580000, 0x00000000d6480000, 0x0000000100000000)
  eden space 5120K, 0% used [0x00000000d5580000,0x00000000d5580000,0x00000000d5a80000)
  from space 3584K, 87% used [0x00000000d6100000,0x00000000d6414000,0x00000000d6480000)
  to   space 4096K, 0% used [0x00000000d5c80000,0x00000000d5c80000,0x00000000d6080000)
 ParOldGen       total 570368K, used 570026K [0x0000000080000000, 0x00000000a2d00000, 0x00000000d5580000)
  object space 570368K, 99% used [0x0000000080000000,0x00000000a2caa880,0x00000000a2d00000)
 Metaspace       used 78347K, committed 79872K, reserved 1179648K
  class space    used 8032K, committed 8704K, reserved 1048576K
}
Event: 23599.497 GC heap before
{Heap before GC invocations=1370 (full 4):
 PSYoungGen      total 8704K, used 8272K [0x00000000d5580000, 0x00000000d6480000, 0x0000000100000000)
  eden space 5120K, 100% used [0x00000000d5580000,0x00000000d5a80000,0x00000000d5a80000)
  from space 3584K, 87% used [0x00000000d6100000,0x00000000d6414000,0x00000000d6480000)
  to   space 4096K, 0% used [0x00000000d5c80000,0x00000000d5c80000,0x00000000d6080000)
 ParOldGen       total 570368K, used 570026K [0x0000000080000000, 0x00000000a2d00000, 0x00000000d5580000)
  object space 570368K, 99% used [0x0000000080000000,0x00000000a2caa880,0x00000000a2d00000)
 Metaspace       used 78347K, committed 79872K, reserved 1179648K
  class space    used 8032K, committed 8704K, reserved 1048576K
}
Event: 23599.503 GC heap after
{Heap after GC invocations=1370 (full 4):
 PSYoungGen      total 7168K, used 1888K [0x00000000d5580000, 0x00000000d6180000, 0x0000000100000000)
  eden space 5120K, 0% used [0x00000000d5580000,0x00000000d5580000,0x00000000d5a80000)
  from space 2048K, 92% used [0x00000000d5c80000,0x00000000d5e58000,0x00000000d5e80000)
  to   space 2560K, 0% used [0x00000000d5f00000,0x00000000d5f00000,0x00000000d6180000)
 ParOldGen       total 572928K, used 572746K [0x0000000080000000, 0x00000000a2f80000, 0x00000000d5580000)
  object space 572928K, 99% used [0x0000000080000000,0x00000000a2f52880,0x00000000a2f80000)
 Metaspace       used 78347K, committed 79872K, reserved 1179648K
  class space    used 8032K, committed 8704K, reserved 1048576K
}
Event: 23599.529 GC heap before
{Heap before GC invocations=1371 (full 4):
 PSYoungGen      total 7168K, used 7008K [0x00000000d5580000, 0x00000000d6180000, 0x0000000100000000)
  eden space 5120K, 100% used [0x00000000d5580000,0x00000000d5a80000,0x00000000d5a80000)
  from space 2048K, 92% used [0x00000000d5c80000,0x00000000d5e58000,0x00000000d5e80000)
  to   space 2560K, 0% used [0x00000000d5f00000,0x00000000d5f00000,0x00000000d6180000)
 ParOldGen       total 572928K, used 572746K [0x0000000080000000, 0x00000000a2f80000, 0x00000000d5580000)
  object space 572928K, 99% used [0x0000000080000000,0x00000000a2f52880,0x00000000a2f80000)
 Metaspace       used 78354K, committed 79872K, reserved 1179648K
  class space    used 8032K, committed 8704K, reserved 1048576K
}
Event: 23599.533 GC heap after
{Heap after GC invocations=1371 (full 4):
 PSYoungGen      total 6656K, used 1516K [0x00000000d5580000, 0x00000000d6080000, 0x0000000100000000)
  eden space 5120K, 0% used [0x00000000d5580000,0x00000000d5580000,0x00000000d5a80000)
  from space 1536K, 98% used [0x00000000d5f00000,0x00000000d607b190,0x00000000d6080000)
  to   space 2048K, 0% used [0x00000000d5c80000,0x00000000d5c80000,0x00000000d5e80000)
 ParOldGen       total 574464K, used 574462K [0x0000000080000000, 0x00000000a3100000, 0x00000000d5580000)
  object space 574464K, 99% used [0x0000000080000000,0x00000000a30ff8a0,0x00000000a3100000)
 Metaspace       used 78354K, committed 79872K, reserved 1179648K
  class space    used 8032K, committed 8704K, reserved 1048576K
}

Dll operation events (12 events):
Event: 0.011 Loaded shared library c:\Users\Laptop K1\.vscode\extensions\redhat.java-1.54.0-win32-x64\jre\21.0.10-win32-x86_64\bin\java.dll
Event: 0.064 Loaded shared library c:\Users\Laptop K1\.vscode\extensions\redhat.java-1.54.0-win32-x64\jre\21.0.10-win32-x86_64\bin\zip.dll
Event: 0.080 Loaded shared library C:\Users\Laptop K1\.vscode\extensions\redhat.java-1.54.0-win32-x64\jre\21.0.10-win32-x86_64\bin\instrument.dll
Event: 0.085 Loaded shared library C:\Users\Laptop K1\.vscode\extensions\redhat.java-1.54.0-win32-x64\jre\21.0.10-win32-x86_64\bin\net.dll
Event: 0.088 Loaded shared library C:\Users\Laptop K1\.vscode\extensions\redhat.java-1.54.0-win32-x64\jre\21.0.10-win32-x86_64\bin\nio.dll
Event: 0.091 Loaded shared library C:\Users\Laptop K1\.vscode\extensions\redhat.java-1.54.0-win32-x64\jre\21.0.10-win32-x86_64\bin\zip.dll
Event: 0.106 Loaded shared library C:\Users\Laptop K1\.vscode\extensions\redhat.java-1.54.0-win32-x64\jre\21.0.10-win32-x86_64\bin\jimage.dll
Event: 0.187 Loaded shared library c:\Users\Laptop K1\.vscode\extensions\redhat.java-1.54.0-win32-x64\jre\21.0.10-win32-x86_64\bin\verify.dll
Event: 1.233 Loaded shared library C:\Users\Laptop K1\AppData\Roaming\Code\User\globalStorage\redhat.java\1.54.0\config_win\org.eclipse.equinox.launcher\org.eclipse.equinox.launcher.win32.win32.x86_64_1.3.0.v20260203-2149\eclipse_11919.dll
Event: 4.432 Loaded shared library C:\Users\Laptop K1\AppData\Local\Temp\jna-1369351468\jna15405322927786494756.dll
Event: 22159.765 Loaded shared library C:\Users\Laptop K1\.vscode\extensions\redhat.java-1.54.0-win32-x64\jre\21.0.10-win32-x86_64\bin\extnet.dll
Event: 22159.920 Loaded shared library C:\Users\Laptop K1\.vscode\extensions\redhat.java-1.54.0-win32-x64\jre\21.0.10-win32-x86_64\bin\sunmscapi.dll

Deoptimization events (20 events):
Event: 22838.423 Thread 0x0000014d171e8f90 Uncommon trap: trap_request=0xffffffd6 fr.pc=0x0000014cc1a7be68 relative=0x0000000000001468
Event: 22838.423 Thread 0x0000014d171e8f90 Uncommon trap: reason=array_check action=maybe_recompile pc=0x0000014cc1a7be68 method=java.util.TimSort.mergeLo(IIII)V @ 590 c2
Event: 22838.423 Thread 0x0000014d171e8f90 DEOPT PACKING pc=0x0000014cc1a7be68 sp=0x0000002eecffdc50
Event: 22838.423 Thread 0x0000014d171e8f90 DEOPT UNPACKING pc=0x0000014cc05c3aa2 sp=0x0000002eecffdc20 mode 2
Event: 23323.781 Thread 0x0000014d171e7550 Uncommon trap: trap_request=0xffffff76 fr.pc=0x0000014cc1aa577c relative=0x00000000000012fc
Event: 23323.781 Thread 0x0000014d171e7550 Uncommon trap: reason=predicate action=maybe_recompile pc=0x0000014cc1aa577c method=java.util.TimSort.mergeLo(IIII)V @ 270 c2
Event: 23323.781 Thread 0x0000014d171e7550 DEOPT PACKING pc=0x0000014cc1aa577c sp=0x0000002eecefe040
Event: 23323.781 Thread 0x0000014d171e7550 DEOPT UNPACKING pc=0x0000014cc05c3aa2 sp=0x0000002eecefe018 mode 2
Event: 23533.524 Thread 0x0000014d171ea9d0 Uncommon trap: trap_request=0xffffff6e fr.pc=0x0000014cc1aba008 relative=0x0000000000005208
Event: 23533.524 Thread 0x0000014d171ea9d0 Uncommon trap: reason=loop_limit_check action=maybe_recompile pc=0x0000014cc1aba008 method=org.eclipse.jdt.internal.compiler.lookup.ParameterizedTypeBinding.superInterfaces()[Lorg/eclipse/jdt/internal/compiler/lookup/ReferenceBinding; @ 107 c2
Event: 23533.524 Thread 0x0000014d171ea9d0 DEOPT PACKING pc=0x0000014cc1aba008 sp=0x0000002eeddfe0a0
Event: 23533.524 Thread 0x0000014d171ea9d0 DEOPT UNPACKING pc=0x0000014cc05c3aa2 sp=0x0000002eeddfe030 mode 2
Event: 23599.506 Thread 0x0000014d171e7550 Uncommon trap: trap_request=0xffffffd6 fr.pc=0x0000014cc1acbfdc relative=0x00000000000012dc
Event: 23599.506 Thread 0x0000014d171e7550 Uncommon trap: reason=array_check action=maybe_recompile pc=0x0000014cc1acbfdc method=java.util.TimSort.mergeLo(IIII)V @ 375 c2
Event: 23599.506 Thread 0x0000014d171e7550 DEOPT PACKING pc=0x0000014cc1acbfdc sp=0x0000002eeddfdcb0
Event: 23599.506 Thread 0x0000014d171e7550 DEOPT UNPACKING pc=0x0000014cc05c3aa2 sp=0x0000002eeddfdc80 mode 2
Event: 23599.520 Thread 0x0000014d15467a80 Uncommon trap: trap_request=0xffffffd6 fr.pc=0x0000014cc1acbfdc relative=0x00000000000012dc
Event: 23599.520 Thread 0x0000014d15467a80 Uncommon trap: reason=array_check action=maybe_recompile pc=0x0000014cc1acbfdc method=java.util.TimSort.mergeLo(IIII)V @ 375 c2
Event: 23599.520 Thread 0x0000014d15467a80 DEOPT PACKING pc=0x0000014cc1acbfdc sp=0x0000002eefafe750
Event: 23599.520 Thread 0x0000014d15467a80 DEOPT UNPACKING pc=0x0000014cc05c3aa2 sp=0x0000002eefafe720 mode 2

Classes loaded (20 events):
Event: 22160.480 Loading class sun/security/ssl/NewSessionTicket$NewSessionTicketMessage done
Event: 22160.480 Loading class sun/security/ssl/NewSessionTicket$T13NewSessionTicketMessage done
Event: 22160.500 Loading class java/nio/HeapByteBufferR
Event: 22160.501 Loading class java/nio/HeapByteBufferR done
Event: 22161.105 Loading class sun/security/ssl/PreSharedKeyExtension$PskIdentity
Event: 22161.105 Loading class sun/security/ssl/PreSharedKeyExtension$PskIdentity done
Event: 22161.106 Loading class sun/security/ssl/PreSharedKeyExtension$CHPreSharedKeySpec
Event: 22161.106 Loading class sun/security/ssl/PreSharedKeyExtension$CHPreSharedKeySpec done
Event: 22161.106 Loading class sun/security/ssl/PreSharedKeyExtension$PartialClientHelloMessage
Event: 22161.106 Loading class sun/security/ssl/PreSharedKeyExtension$PartialClientHelloMessage done
Event: 22161.106 Loading class sun/security/ssl/SSLEngineOutputRecord
Event: 22161.107 Loading class sun/security/ssl/SSLEngineOutputRecord done
Event: 22161.107 Loading class sun/security/ssl/SSLEngineOutputRecord$HandshakeFragment
Event: 22161.107 Loading class sun/security/ssl/SSLEngineOutputRecord$HandshakeFragment done
Event: 22161.107 Loading class sun/security/ssl/SSLEngineOutputRecord$HandshakeMemo
Event: 22161.107 Loading class sun/security/ssl/SSLEngineOutputRecord$RecordMemo
Event: 22161.107 Loading class sun/security/ssl/SSLEngineOutputRecord$RecordMemo done
Event: 22161.107 Loading class sun/security/ssl/SSLEngineOutputRecord$HandshakeMemo done
Event: 22161.164 Loading class sun/security/ssl/PreSharedKeyExtension$SHPreSharedKeySpec
Event: 22161.165 Loading class sun/security/ssl/PreSharedKeyExtension$SHPreSharedKeySpec done

Classes unloaded (20 events):
Event: 16896.680 Thread 0x0000014cb5eb2d40 Unloading class 0x0000014cce014800 'java/lang/invoke/LambdaForm$MH+0x0000014cce014800'
Event: 16896.680 Thread 0x0000014cb5eb2d40 Unloading class 0x0000014cce00d800 'java/lang/invoke/LambdaForm$MH+0x0000014cce00d800'
Event: 16896.680 Thread 0x0000014cb5eb2d40 Unloading class 0x0000014cce00d400 'java/lang/invoke/LambdaForm$MH+0x0000014cce00d400'
Event: 16896.680 Thread 0x0000014cb5eb2d40 Unloading class 0x0000014cce00d000 'java/lang/invoke/LambdaForm$MH+0x0000014cce00d000'
Event: 16896.680 Thread 0x0000014cb5eb2d40 Unloading class 0x0000014cce00cc00 'java/lang/invoke/LambdaForm$MH+0x0000014cce00cc00'
Event: 16896.680 Thread 0x0000014cb5eb2d40 Unloading class 0x0000014cce00c800 'java/lang/invoke/LambdaForm$BMH+0x0000014cce00c800'
Event: 16896.680 Thread 0x0000014cb5eb2d40 Unloading class 0x0000014cce00c000 'java/lang/invoke/LambdaForm$DMH+0x0000014cce00c000'
Event: 16896.681 Thread 0x0000014cb5eb2d40 Unloading class 0x0000014cce008c00 'java/lang/invoke/LambdaForm$MH+0x0000014cce008c00'
Event: 16896.681 Thread 0x0000014cb5eb2d40 Unloading class 0x0000014cce008800 'java/lang/invoke/LambdaForm$MH+0x0000014cce008800'
Event: 16896.681 Thread 0x0000014cb5eb2d40 Unloading class 0x0000014cce008400 'java/lang/invoke/LambdaForm$MH+0x0000014cce008400'
Event: 16896.681 Thread 0x0000014cb5eb2d40 Unloading class 0x0000014cce007000 'java/lang/invoke/LambdaForm$MH+0x0000014cce007000'
Event: 16896.681 Thread 0x0000014cb5eb2d40 Unloading class 0x0000014cce006c00 'java/lang/invoke/LambdaForm$MH+0x0000014cce006c00'
Event: 16896.681 Thread 0x0000014cb5eb2d40 Unloading class 0x0000014cce006800 'java/lang/invoke/LambdaForm$MH+0x0000014cce006800'
Event: 16896.681 Thread 0x0000014cb5eb2d40 Unloading class 0x0000014cce006400 'java/lang/invoke/LambdaForm$MH+0x0000014cce006400'
Event: 16896.681 Thread 0x0000014cb5eb2d40 Unloading class 0x0000014cce005c00 'java/lang/invoke/LambdaForm$BMH+0x0000014cce005c00'
Event: 16896.681 Thread 0x0000014cb5eb2d40 Unloading class 0x0000014cce004800 'java/lang/invoke/LambdaForm$DMH+0x0000014cce004800'
Event: 16896.681 Thread 0x0000014cb5eb2d40 Unloading class 0x0000014cce002400 'java/lang/invoke/LambdaForm$MH+0x0000014cce002400'
Event: 16896.681 Thread 0x0000014cb5eb2d40 Unloading class 0x0000014cce002000 'java/lang/invoke/LambdaForm$MH+0x0000014cce002000'
Event: 16896.681 Thread 0x0000014cb5eb2d40 Unloading class 0x0000014cce001800 'java/lang/invoke/LambdaForm$MH+0x0000014cce001800'
Event: 16896.681 Thread 0x0000014cb5eb2d40 Unloading class 0x0000014cce000400 'java/lang/invoke/LambdaForm$MH+0x0000014cce000400'

Classes redefined (0 events):
No events

Internal exceptions (20 events):
Event: 23106.773 Thread 0x0000014d108acbc0 Exception <a 'sun/nio/fs/WindowsException'{0x00000000d591d858}> (0x00000000d591d858) 
thrown [s\src\hotspot\share\prims\jni.cpp, line 520]
Event: 23106.773 Thread 0x0000014d108acbc0 Exception <a 'sun/nio/fs/WindowsException'{0x00000000d591e488}> (0x00000000d591e488) 
thrown [s\src\hotspot\share\prims\jni.cpp, line 520]
Event: 23106.774 Thread 0x0000014d108acbc0 Exception <a 'sun/nio/fs/WindowsException'{0x00000000d59242c8}> (0x00000000d59242c8) 
thrown [s\src\hotspot\share\prims\jni.cpp, line 520]
Event: 23106.774 Thread 0x0000014d108acbc0 Exception <a 'sun/nio/fs/WindowsException'{0x00000000d5924ef0}> (0x00000000d5924ef0) 
thrown [s\src\hotspot\share\prims\jni.cpp, line 520]
Event: 23305.521 Thread 0x0000014d15467a80 Exception <a 'sun/nio/fs/WindowsException'{0x00000000d5597bf8}> (0x00000000d5597bf8) 
thrown [s\src\hotspot\share\prims\jni.cpp, line 520]
Event: 23305.706 Thread 0x0000014d15467a80 Exception <a 'sun/nio/fs/WindowsException'{0x00000000d55ee7c8}> (0x00000000d55ee7c8) 
thrown [s\src\hotspot\share\prims\jni.cpp, line 520]
Event: 23323.624 Thread 0x0000014d15467a80 Exception <a 'sun/nio/fs/WindowsException'{0x00000000d5756d78}> (0x00000000d5756d78) 
thrown [s\src\hotspot\share\prims\jni.cpp, line 520]
Event: 23323.828 Thread 0x0000014d15467a80 Exception <a 'sun/nio/fs/WindowsException'{0x00000000d565aba8}> (0x00000000d565aba8) 
thrown [s\src\hotspot\share\prims\jni.cpp, line 520]
Event: 23522.281 Thread 0x0000014d15467a80 Exception <a 'sun/nio/fs/WindowsException'{0x00000000d56a88f0}> (0x00000000d56a88f0) 
thrown [s\src\hotspot\share\prims\jni.cpp, line 520]
Event: 23522.506 Thread 0x0000014d15467a80 Exception <a 'sun/nio/fs/WindowsException'{0x00000000d573a4a8}> (0x00000000d573a4a8) 
thrown [s\src\hotspot\share\prims\jni.cpp, line 520]
Event: 23533.354 Thread 0x0000014d15467a80 Exception <a 'sun/nio/fs/WindowsException'{0x00000000d5806310}> (0x00000000d5806310) 
thrown [s\src\hotspot\share\prims\jni.cpp, line 520]
Event: 23533.535 Thread 0x0000014d15467a80 Exception <a 'sun/nio/fs/WindowsException'{0x00000000d591b230}> (0x00000000d591b230) 
thrown [s\src\hotspot\share\prims\jni.cpp, line 520]
Event: 23599.254 Thread 0x0000014d15467a80 Exception <a 'sun/nio/fs/WindowsException'{0x00000000d57a2508}> (0x00000000d57a2508) 
thrown [s\src\hotspot\share\prims\jni.cpp, line 520]
Event: 23599.489 Thread 0x0000014d15467a80 Exception <a 'sun/nio/fs/WindowsException'{0x00000000d56fcd70}> (0x00000000d56fcd70) 
thrown [s\src\hotspot\share\prims\jni.cpp, line 520]
Event: 23605.507 Thread 0x0000014d171eb6f0 Exception <a 'sun/nio/fs/WindowsException'{0x00000000d59a1d60}> (0x00000000d59a1d60) 
thrown [s\src\hotspot\share\prims\jni.cpp, line 520]
Event: 23605.508 Thread 0x0000014d171eb6f0 Exception <a 'sun/nio/fs/WindowsException'{0x00000000d59a2728}> (0x00000000d59a2728) 
thrown [s\src\hotspot\share\prims\jni.cpp, line 520]
Event: 23605.508 Thread 0x0000014d171eb6f0 Exception <a 'sun/nio/fs/WindowsException'{0x00000000d59a4c48}> (0x00000000d59a4c48) 
thrown [s\src\hotspot\share\prims\jni.cpp, line 520]
Event: 23605.508 Thread 0x0000014d171eb6f0 Exception <a 'sun/nio/fs/WindowsException'{0x00000000d59a55f0}> (0x00000000d59a55f0) 
thrown [s\src\hotspot\share\prims\jni.cpp, line 520]
Event: 23605.509 Thread 0x0000014d171eb6f0 Exception <a 'sun/nio/fs/WindowsException'{0x00000000d59aa868}> (0x00000000d59aa868) 
thrown [s\src\hotspot\share\prims\jni.cpp, line 520]
Event: 23605.509 Thread 0x0000014d171eb6f0 Exception <a 'sun/nio/fs/WindowsException'{0x00000000d59ab210}> (0x00000000d59ab210) 
thrown [s\src\hotspot\share\prims\jni.cpp, line 520]

ZGC Phase Switch (0 events):
No events

VM Operations (20 events):
Event: 23984.156 Executing non-safepoint VM operation: HandshakeAllThreads (HandshakeForDeflation)
Event: 23984.156 Executing non-safepoint VM operation: HandshakeAllThreads (HandshakeForDeflation) done
Event: 23984.157 Executing non-safepoint VM operation: RendezvousGCThreads
Event: 23984.157 Executing non-safepoint VM operation: RendezvousGCThreads done
Event: 24044.181 Executing non-safepoint VM operation: HandshakeAllThreads (HandshakeForDeflation)
Event: 24044.181 Executing non-safepoint VM operation: HandshakeAllThreads (HandshakeForDeflation) done
Event: 24044.181 Executing non-safepoint VM operation: RendezvousGCThreads
Event: 24044.181 Executing non-safepoint VM operation: RendezvousGCThreads done
Event: 24104.367 Executing non-safepoint VM operation: HandshakeAllThreads (HandshakeForDeflation)
Event: 24104.367 Executing non-safepoint VM operation: HandshakeAllThreads (HandshakeForDeflation) done
Event: 24104.367 Executing non-safepoint VM operation: RendezvousGCThreads
Event: 24104.367 Executing non-safepoint VM operation: RendezvousGCThreads done
Event: 24164.411 Executing non-safepoint VM operation: HandshakeAllThreads (HandshakeForDeflation)
Event: 24164.411 Executing non-safepoint VM operation: HandshakeAllThreads (HandshakeForDeflation) done
Event: 24164.411 Executing non-safepoint VM operation: RendezvousGCThreads
Event: 24164.411 Executing non-safepoint VM operation: RendezvousGCThreads done
Event: 24224.644 Executing non-safepoint VM operation: HandshakeAllThreads (HandshakeForDeflation)
Event: 24224.645 Executing non-safepoint VM operation: HandshakeAllThreads (HandshakeForDeflation) done
Event: 24224.645 Executing non-safepoint VM operation: RendezvousGCThreads
Event: 24224.645 Executing non-safepoint VM operation: RendezvousGCThreads done

Memory protections (0 events):
No events

Nmethod flushes (20 events):
Event: 16896.950 Thread 0x0000014cb5eb2d40 flushing  nmethod 0x0000014cba4bb810
Event: 16896.950 Thread 0x0000014cb5eb2d40 flushing  nmethod 0x0000014cba4be390
Event: 16896.950 Thread 0x0000014cb5eb2d40 flushing  nmethod 0x0000014cba4cb510
Event: 16896.950 Thread 0x0000014cb5eb2d40 flushing  nmethod 0x0000014cba4d5d90
Event: 16896.950 Thread 0x0000014cb5eb2d40 flushing  nmethod 0x0000014cba4e0090
Event: 16896.950 Thread 0x0000014cb5eb2d40 flushing  nmethod 0x0000014cba4e9110
Event: 16896.950 Thread 0x0000014cb5eb2d40 flushing  nmethod 0x0000014cba4ee390
Event: 16896.950 Thread 0x0000014cb5eb2d40 flushing  nmethod 0x0000014cba4f4c90
Event: 16896.950 Thread 0x0000014cb5eb2d40 flushing  nmethod 0x0000014cba4f5590
Event: 16896.950 Thread 0x0000014cb5eb2d40 flushing  nmethod 0x0000014cba4fa890
Event: 16896.950 Thread 0x0000014cb5eb2d40 flushing  nmethod 0x0000014cba532210
Event: 16896.950 Thread 0x0000014cb5eb2d40 flushing  nmethod 0x0000014cba557f90
Event: 16896.950 Thread 0x0000014cb5eb2d40 flushing  nmethod 0x0000014cba57d810
Event: 16896.950 Thread 0x0000014cb5eb2d40 flushing  nmethod 0x0000014cba57e510
Event: 16896.950 Thread 0x0000014cb5eb2d40 flushing  nmethod 0x0000014cba58bb90
Event: 16896.950 Thread 0x0000014cb5eb2d40 flushing  nmethod 0x0000014cba5aaa10
Event: 16896.950 Thread 0x0000014cb5eb2d40 flushing  nmethod 0x0000014cba5c1a10
Event: 16896.950 Thread 0x0000014cb5eb2d40 flushing  nmethod 0x0000014cba5d8d90
Event: 16896.950 Thread 0x0000014cb5eb2d40 flushing  nmethod 0x0000014cba691e90
Event: 16896.950 Thread 0x0000014cb5eb2d40 flushing  nmethod 0x0000014cba6d9a10

Events (20 events):
Event: 23605.506 Thread 0x0000014d171eb6f0 Thread added: 0x0000014d171eb060
Event: 23605.506 Thread 0x0000014d171eb060 Thread exited: 0x0000014d171eb060
Event: 23605.509 Thread 0x0000014d171eb6f0 Thread added: 0x0000014d171eb060
Event: 23605.510 Thread 0x0000014d171eb060 Thread added: 0x0000014d171e8270
Event: 23605.510 Thread 0x0000014d171eb060 Thread added: 0x0000014d171ec410
Event: 23605.510 Thread 0x0000014d171eb060 Thread added: 0x0000014d171ecaa0
Event: 23605.510 Thread 0x0000014d171eb060 Thread added: 0x0000014d171ed130
Event: 23605.510 Thread 0x0000014d171ed130 Thread exited: 0x0000014d171ed130
Event: 23605.510 Thread 0x0000014d171ecaa0 Thread exited: 0x0000014d171ecaa0
Event: 23605.510 Thread 0x0000014d171eb060 Thread exited: 0x0000014d171eb060
Event: 23605.510 Thread 0x0000014d171ec410 Thread exited: 0x0000014d171ec410
Event: 23605.510 Thread 0x0000014d171e8270 Thread exited: 0x0000014d171e8270
Event: 23605.660 Thread 0x0000014d171e6ec0 Thread exited: 0x0000014d171e6ec0
Event: 23605.691 Thread 0x0000014d171e5b10 Thread exited: 0x0000014d171e5b10
Event: 23623.743 Thread 0x0000014d171ea340 Thread exited: 0x0000014d171ea340
Event: 23659.545 Thread 0x0000014d171e7550 Thread exited: 0x0000014d171e7550
Event: 23665.641 Thread 0x0000014d171eb6f0 Thread exited: 0x0000014d171eb6f0
Event: 23822.379 Thread 0x0000014d171e9620 Thread exited: 0x0000014d171e9620
Event: 23833.450 Thread 0x0000014d171e8f90 Thread exited: 0x0000014d171e8f90
Event: 23899.369 Thread 0x0000014d171ea9d0 Thread exited: 0x0000014d171ea9d0


Dynamic libraries:
0x00007ff6d2250000 - 0x00007ff6d225e000 	c:\Users\Laptop K1\.vscode\extensions\redhat.java-1.54.0-win32-x64\jre\21.0.10-win32-x86_64\bin\java.exe
0x00007ffb4a000000 - 0x00007ffb4a267000 	C:\WINDOWS\SYSTEM32\ntdll.dll
0x00007ffb48680000 - 0x00007ffb48749000 	C:\WINDOWS\System32\KERNEL32.DLL
0x00007ffb47770000 - 0x00007ffb47b67000 	C:\WINDOWS\System32\KERNELBASE.dll
0x00007ffb474b0000 - 0x00007ffb475fb000 	C:\WINDOWS\System32\ucrtbase.dll
0x00007ffae0080000 - 0x00007ffae009e000 	c:\Users\Laptop K1\.vscode\extensions\redhat.java-1.54.0-win32-x64\jre\21.0.10-win32-x86_64\bin\VCRUNTIME140.dll
0x00007ffae00a0000 - 0x00007ffae00b8000 	c:\Users\Laptop K1\.vscode\extensions\redhat.java-1.54.0-win32-x64\jre\21.0.10-win32-x86_64\bin\jli.dll
0x00007ffb48300000 - 0x00007ffb484c6000 	C:\WINDOWS\System32\USER32.dll
0x00007ffb47350000 - 0x00007ffb47377000 	C:\WINDOWS\System32\win32u.dll
0x00007ffb248a0000 - 0x00007ffb24b32000 	C:\WINDOWS\WinSxS\amd64_microsoft.windows.common-controls_6595b64144ccf1df_6.0.26100.8457_none_3e0b2faee331e92d\COMCTL32.dll
0x00007ffb48230000 - 0x00007ffb4825b000 	C:\WINDOWS\System32\GDI32.dll
0x00007ffb48800000 - 0x00007ffb488a9000 	C:\WINDOWS\System32\msvcrt.dll
0x00007ffb47380000 - 0x00007ffb474ac000 	C:\WINDOWS\System32\gdi32full.dll
0x00007ffb46a30000 - 0x00007ffb46ad3000 	C:\WINDOWS\System32\msvcp_win.dll
0x00007ffb49c40000 - 0x00007ffb49c72000 	C:\WINDOWS\System32\IMM32.DLL
0x00007ffada640000 - 0x00007ffada64c000 	c:\Users\Laptop K1\.vscode\extensions\redhat.java-1.54.0-win32-x64\jre\21.0.10-win32-x86_64\bin\vcruntime140_1.dll
0x00007ffaca4c0000 - 0x00007ffaca54d000 	c:\Users\Laptop K1\.vscode\extensions\redhat.java-1.54.0-win32-x64\jre\21.0.10-win32-x86_64\bin\msvcp140.dll
0x00007ffa8bc60000 - 0x00007ffa8ca01000 	c:\Users\Laptop K1\.vscode\extensions\redhat.java-1.54.0-win32-x64\jre\21.0.10-win32-x86_64\bin\server\jvm.dll
0x00007ffb485b0000 - 0x00007ffb48666000 	C:\WINDOWS\System32\ADVAPI32.dll
0x00007ffb48750000 - 0x00007ffb487f7000 	C:\WINDOWS\System32\sechost.dll
0x00007ffb49e40000 - 0x00007ffb49f58000 	C:\WINDOWS\System32\RPCRT4.dll
0x00007ffb47d80000 - 0x00007ffb47e00000 	C:\WINDOWS\System32\WS2_32.dll
0x00007ffb46890000 - 0x00007ffb468ee000 	C:\WINDOWS\SYSTEM32\POWRPROF.dll
0x00007ffb37d00000 - 0x00007ffb37d36000 	C:\WINDOWS\SYSTEM32\WINMM.dll
0x00007ffb3fa90000 - 0x00007ffb3fa9b000 	C:\WINDOWS\SYSTEM32\VERSION.dll
0x00007ffb46870000 - 0x00007ffb46884000 	C:\WINDOWS\SYSTEM32\UMPDC.dll
0x00007ffb456f0000 - 0x00007ffb4570b000 	C:\WINDOWS\SYSTEM32\kernel.appcore.dll
0x00007ffaca4b0000 - 0x00007ffaca4ba000 	c:\Users\Laptop K1\.vscode\extensions\redhat.java-1.54.0-win32-x64\jre\21.0.10-win32-x86_64\bin\jimage.dll
0x00007ffb44400000 - 0x00007ffb44642000 	C:\WINDOWS\SYSTEM32\DBGHELP.DLL
0x00007ffb498b0000 - 0x00007ffb49c33000 	C:\WINDOWS\System32\combase.dll
0x00007ffb484d0000 - 0x00007ffb485a9000 	C:\WINDOWS\System32\OLEAUT32.dll
0x00007ffb1adf0000 - 0x00007ffb1ae2b000 	C:\WINDOWS\SYSTEM32\dbgcore.DLL
0x00007ffb476c0000 - 0x00007ffb47768000 	C:\WINDOWS\System32\bcryptPrimitives.dll
0x00007ffaca4a0000 - 0x00007ffaca4af000 	c:\Users\Laptop K1\.vscode\extensions\redhat.java-1.54.0-win32-x64\jre\21.0.10-win32-x86_64\bin\instrument.dll
0x00007ffaca480000 - 0x00007ffaca4a0000 	c:\Users\Laptop K1\.vscode\extensions\redhat.java-1.54.0-win32-x64\jre\21.0.10-win32-x86_64\bin\java.dll
0x00007ffb49130000 - 0x00007ffb4989e000 	C:\WINDOWS\System32\SHELL32.dll
0x00007ffb46ae0000 - 0x00007ffb4734c000 	C:\WINDOWS\System32\windows.storage.dll
0x00007ffb47f20000 - 0x00007ffb48016000 	C:\WINDOWS\System32\SHCORE.dll
0x00007ffb48a10000 - 0x00007ffb48a76000 	C:\WINDOWS\System32\shlwapi.dll
0x00007ffb46950000 - 0x00007ffb46979000 	C:\WINDOWS\SYSTEM32\profapi.dll
0x00007ffaca460000 - 0x00007ffaca478000 	c:\Users\Laptop K1\.vscode\extensions\redhat.java-1.54.0-win32-x64\jre\21.0.10-win32-x86_64\bin\zip.dll
0x00007ffaca450000 - 0x00007ffaca460000 	C:\Users\Laptop K1\.vscode\extensions\redhat.java-1.54.0-win32-x64\jre\21.0.10-win32-x86_64\bin\net.dll
0x00007ffb3e270000 - 0x00007ffb3e399000 	C:\WINDOWS\SYSTEM32\WINHTTP.dll
0x00007ffb45d30000 - 0x00007ffb45d9c000 	C:\WINDOWS\system32\mswsock.dll
0x00007ffaca430000 - 0x00007ffaca446000 	C:\Users\Laptop K1\.vscode\extensions\redhat.java-1.54.0-win32-x64\jre\21.0.10-win32-x86_64\bin\nio.dll
0x00007ffaca420000 - 0x00007ffaca430000 	c:\Users\Laptop K1\.vscode\extensions\redhat.java-1.54.0-win32-x64\jre\21.0.10-win32-x86_64\bin\verify.dll
0x00007ffaca380000 - 0x00007ffaca3c5000 	C:\Users\Laptop K1\AppData\Roaming\Code\User\globalStorage\redhat.java\1.54.0\config_win\org.eclipse.equinox.launcher\org.eclipse.equinox.launcher.win32.win32.x86_64_1.3.0.v20260203-2149\eclipse_11919.dll
0x00007ffb48f10000 - 0x00007ffb490a7000 	C:\WINDOWS\System32\ole32.dll
0x00007ffb46010000 - 0x00007ffb4602b000 	C:\WINDOWS\SYSTEM32\CRYPTSP.dll
0x00007ffb45710000 - 0x00007ffb45749000 	C:\WINDOWS\system32\rsaenh.dll
0x00007ffb45de0000 - 0x00007ffb45e13000 	C:\WINDOWS\SYSTEM32\USERENV.dll
0x00007ffb46920000 - 0x00007ffb4694a000 	C:\WINDOWS\SYSTEM32\bcrypt.dll
0x00007ffb46030000 - 0x00007ffb4603c000 	C:\WINDOWS\SYSTEM32\CRYPTBASE.dll
0x00007ffb45160000 - 0x00007ffb45192000 	C:\WINDOWS\SYSTEM32\IPHLPAPI.DLL
0x00007ffb48670000 - 0x00007ffb4867a000 	C:\WINDOWS\System32\NSI.dll
0x00007ffaca2e0000 - 0x00007ffaca329000 	C:\Users\Laptop K1\AppData\Local\Temp\jna-1369351468\jna15405322927786494756.dll
0x00007ffb47e10000 - 0x00007ffb47e18000 	C:\WINDOWS\System32\PSAPI.DLL
0x00007ffb3e570000 - 0x00007ffb3e58d000 	C:\WINDOWS\SYSTEM32\dhcpcsvc6.DLL
0x00007ffb3dbe0000 - 0x00007ffb3dc05000 	C:\WINDOWS\SYSTEM32\dhcpcsvc.DLL
0x00007ffb45250000 - 0x00007ffb45382000 	C:\WINDOWS\SYSTEM32\DNSAPI.dll
0x00007ffb3fcf0000 - 0x00007ffb3fcfb000 	C:\Windows\System32\rasadhlp.dll
0x00007ffb3c8c0000 - 0x00007ffb3c946000 	C:\WINDOWS\System32\fwpuclnt.dll
0x00007ffb3d120000 - 0x00007ffb3d129000 	C:\Users\Laptop K1\.vscode\extensions\redhat.java-1.54.0-win32-x64\jre\21.0.10-win32-x86_64\bin\extnet.dll
0x00007ffb3cfb0000 - 0x00007ffb3cfbe000 	C:\Users\Laptop K1\.vscode\extensions\redhat.java-1.54.0-win32-x64\jre\21.0.10-win32-x86_64\bin\sunmscapi.dll
0x00007ffb47c00000 - 0x00007ffb47d78000 	C:\WINDOWS\System32\CRYPT32.dll
0x00007ffb46230000 - 0x00007ffb46260000 	C:\WINDOWS\SYSTEM32\ncrypt.dll
0x00007ffb461e0000 - 0x00007ffb4621f000 	C:\WINDOWS\SYSTEM32\NTASN1.dll

JVMTI agents:
c:\Users\Laptop K1\.vscode\extensions\redhat.java-1.54.0-win32-x64\lombok\lombok-1.18.39-4050.jar path:c:\Users\Laptop K1\.vscode\extensions\redhat.java-1.54.0-win32-x64\jre\21.0.10-win32-x86_64\bin\instrument.dll, loaded, initialized, instrumentlib options:none

dbghelp: loaded successfully - version: 4.0.5 - missing functions: none
symbol engine: initialized successfully - sym options: 0x614 - pdb path: .;c:\Users\Laptop K1\.vscode\extensions\redhat.java-1.54.0-win32-x64\jre\21.0.10-win32-x86_64\bin;C:\WINDOWS\SYSTEM32;C:\WINDOWS\WinSxS\amd64_microsoft.windows.common-controls_6595b64144ccf1df_6.0.26100.8457_none_3e0b2faee331e92d;c:\Users\Laptop K1\.vscode\extensions\redhat.java-1.54.0-win32-x64\jre\21.0.10-win32-x86_64\bin\server;C:\Users\Laptop K1\AppData\Roaming\Code\User\globalStorage\redhat.java\1.54.0\config_win\org.eclipse.equinox.launcher\org.eclipse.equinox.launcher.win32.win32.x86_64_1.3.0.v20260203-2149;C:\Users\Laptop K1\AppData\Local\Temp\jna-1369351468

VM Arguments:
jvm_args: --add-modules=ALL-SYSTEM --add-opens=java.base/java.util=ALL-UNNAMED --add-opens=java.base/java.lang=ALL-UNNAMED --add-opens=java.base/sun.nio.fs=ALL-UNNAMED -Declipse.application=org.eclipse.jdt.ls.core.id1 -Dosgi.bundles.defaultStartLevel=4 -Declipse.product=org.eclipse.jdt.ls.core.product -Djava.import.generatesMetadataFilesAtProjectRoot=false -DDetectVMInstallationsJob.disabled=true -Dfile.encoding=utf8 -XX:+UseParallelGC -XX:GCTimeRatio=4 -XX:AdaptiveSizePolicyWeight=90 -Dsun.zip.disableMemoryMapping=true -Xmx2G -Xms100m -Xlog:disable -javaagent:c:\Users\Laptop K1\.vscode\extensions\redhat.java-1.54.0-win32-x64\lombok\lombok-1.18.39-4050.jar -XX:+HeapDumpOnOutOfMemoryError -XX:HeapDumpPath=c:\Users\Laptop K1\AppData\Roaming\Code\User\workspaceStorage\46da31d0689908d64825e65ffbf8c604\redhat.java -Daether.dependencyCollector.impl=bf 
java_command: c:\Users\Laptop K1\.vscode\extensions\redhat.java-1.54.0-win32-x64\server\plugins\org.eclipse.equinox.launcher_1.7.100.v20251111-0406.jar -configuration c:\Users\Laptop K1\AppData\Roaming\Code\User\globalStorage\redhat.java\1.54.0\config_win -data c:\Users\Laptop K1\AppData\Roaming\Code\User\workspaceStorage\46da31d0689908d64825e65ffbf8c604\redhat.java\jdt_ws --pipe=\\.\pipe\lsp-01a7d3958e3f83ecb292a8b25a384b0c-sock
java_class_path (initial): c:\Users\Laptop K1\.vscode\extensions\redhat.java-1.54.0-win32-x64\server\plugins\org.eclipse.equinox.launcher_1.7.100.v20251111-0406.jar
Launcher Type: SUN_STANDARD

[Global flags]
    uintx AdaptiveSizePolicyWeight                 = 90                                        {product} {command line}
     intx CICompilerCount                          = 12                                        {product} {ergonomic}
    uintx GCTimeRatio                              = 4                                         {product} {command line}
     bool HeapDumpOnOutOfMemoryError               = true                                   {manageable} {command line}
    ccstr HeapDumpPath                             = c:\Users\Laptop K1\AppData\Roaming\Code\User\workspaceStorage\46da31d0689908d64825e65ffbf8c604\redhat.java         {manageable} {command line}
   size_t InitialHeapSize                          = 104857600                                 {product} {command line}
   size_t MaxHeapSize                              = 2147483648                                {product} {command line}
   size_t MaxNewSize                               = 715653120                                 {product} {ergonomic}
   size_t MinHeapDeltaBytes                        = 524288                                    {product} {ergonomic}
   size_t MinHeapSize                              = 104857600                                 {product} {command line}
   size_t NewSize                                  = 34603008                                  {product} {ergonomic}
    uintx NonNMethodCodeHeapSize                   = 7602480                                {pd product} {ergonomic}
    uintx NonProfiledCodeHeapSize                  = 122027880                              {pd product} {ergonomic}
   size_t OldSize                                  = 70254592                                  {product} {ergonomic}
    uintx ProfiledCodeHeapSize                     = 122027880                              {pd product} {ergonomic}
    uintx ReservedCodeCacheSize                    = 251658240                              {pd product} {ergonomic}
     bool SegmentedCodeCache                       = true                                      {product} {ergonomic}
   size_t SoftMaxHeapSize                          = 2147483648                             {manageable} {ergonomic}
     bool UseCompressedOops                        = true                           {product lp64_product} {ergonomic}
     bool UseLargePagesIndividualAllocation        = false                                  {pd product} {ergonomic}
     bool UseParallelGC                            = true                                      {product} {command line}

Logging:
Log output configuration:
 #0: stdout all=off uptime,level,tags foldmultilines=false
 #1: stderr all=off uptime,level,tags foldmultilines=false

Release file:
JAVA_VERSION="21.0.10" 
MODULES="java.base java.compiler java.datatransfer java.xml java.prefs java.desktop java.instrument java.logging java.management java.security.sasl java.naming java.rmi java.management.rmi java.net.http java.scripting java.security.jgss java.transaction.xa java.sql java.sql.rowset java.xml.crypto java.se java.smartcardio jdk.accessibility jdk.internal.jvmstat jdk.attach jdk.charsets jdk.internal.opt jdk.zipfs jdk.compiler jdk.crypto.ec jdk.crypto.cryptoki jdk.crypto.mscapi jdk.dynalink jdk.internal.ed jdk.editpad jdk.hotspot.agent jdk.httpserver jdk.internal.le jdk.internal.vm.ci jdk.internal.vm.compiler jdk.internal.vm.compiler.management jdk.jartool jdk.javadoc jdk.jcmd jdk.management jdk.management.agent jdk.jconsole jdk.jdeps jdk.jdwp.agent jdk.jdi jdk.jfr jdk.jshell jdk.jsobject jdk.jstatd jdk.localedata jdk.management.jfr jdk.naming.dns jdk.naming.rmi jdk.net jdk.nio.mapmode jdk.random jdk.sctp jdk.security.auth jdk.security.jgss jdk.unsupported jdk.unsupported.desktop jdk.xml.dom" 

Environment Variables:
PATH=C:\Users\Laptop K1\AppData\Local\Programs\Python\Python313\Scripts\;C:\Users\Laptop K1\AppData\Local\Programs\Python\Python313\;C:\Program Files\Eclipse Adoptium\jdk-21.0.4.7-hotspot\bin;C:\Program Files\Common Files\Oracle\Java\javapath;C:\Program Files (x86)\Common Files\Oracle\Java\javapath;C:\Windows\system32;C:\Windows;C:\Windows\System32\Wbem;C:\Windows\System32\WindowsPowerShell\v1.0\;C:\Windows\System32\OpenSSH\;C:\Program Files (x86)\NVIDIA Corporation\PhysX\Common;C:\Program Files\Java\jdk-22\bin;C:\Program Files\Java\jdk-23\bin;C:\Program Files\Git\cmd;C:\WINDOWS\system32;C:\WINDOWS;C:\WINDOWS\System32\Wbem;C:\WINDOWS\System32\WindowsPowerShell\v1.0\;C:\WINDOWS\System32\OpenSSH\;C:\Program Files\NVIDIA Corporation\NVIDIA app\NvDLISR;D:\xampp_2\php;C:\ProgramData\ComposerSetup\bin;C:\xampp\php;C:\Program Files\nodejs\;C:\ProgramData\chocolatey\bin;C:\apache-maven-3.9.11-bin\apache-maven-3.9.11\bin;C:\Program Files\Cloudflare\Cloudflare WARP\;C:\Program Files\Docker\Docker\resources\bin;C:\Program Files\TortoiseGit\bin;C:\Program Files\Microsoft SQL Server\150\Tools\Binn\;C:\Program Files\Microsoft SQL Server\Client SDK\ODBC\170\Tools\Binn\;C:\Program Files\dotnet\;C:\Program Files (x86)\Microsoft SQL Server\170\Tools\Binn\;C:\Program Files\Microsoft SQL Server\170\Tools\Binn\;C:\Program Files\Microsoft SQL Server\Client SDK\ODBC\180\Tools\Binn\;C:\Program Files\Microsoft SQL Server\170\DTS\Binn\;C:\Program Files (x86)\Windows Kits\10\Windows Performance Toolkit\;C:\Program Files\Warp\bin;C:\Users\Laptop K1\AppData\Local\Microsoft\WindowsApps;C:\Users\Laptop K1\AppData\Local\Programs\Microsoft VS Code\bin;C:\msys64\ucrt64\bin;C:\Users\Laptop K1\AppData\Roaming\Composer\vendor\bin;C:\ProgramData\ComposerSetup\bin;C:\xampp\php;C:\Program Files\MySQL\MySQL Server 8.3\bin;C:\msys64\mingw64\bin;C:\Users\Laptop K1\AppData\Roaming\npm;C:\Program Files\nodejs;C:\flutter\bin;C:\Android\Sdk\cmdline-tools\latest\bin;C:\apache-maven-3.9.11-bin\apache-maven-3.9.11\bin;C:\Users\Laptop K1\AppData\Local\Programs\Kiro\bin;C:\Users\Laptop K1\.dotnet\tools
USERNAME=Laptop K1
OS=Windows_NT
PROCESSOR_IDENTIFIER=Intel64 Family 6 Model 154 Stepping 3, GenuineIntel
TMP=C:\Users\LAPTOP~1\AppData\Local\Temp
TEMP=C:\Users\LAPTOP~1\AppData\Local\Temp




Periodic native trim disabled

---------------  S Y S T E M  ---------------

OS:
 Windows 11 , 64 bit Build 26100 (10.0.26100.8328)
OS uptime: 1 days 18:54 hours
Hyper-V role detected

CPU: total 16 (initial active 16) (8 cores per cpu, 2 threads per core) family 6 model 154 stepping 3 microcode 0x432, cx8, cmov, fxsr, ht, mmx, 3dnowpref, sse, sse2, sse3, ssse3, sse4.1, sse4.2, popcnt, lzcnt, tsc, tscinvbit, avx, avx2, aes, erms, clmul, bmi1, bmi2, adx, sha, fma, vzeroupper, clflush, clflushopt, clwb, hv, serialize, rdtscp, rdpid, fsrm, f16c, cet_ibt, cet_ss
Processor Information for processor 0
  Max Mhz: 2500, Current Mhz: 1532, Mhz Limit: 2500
Processor Information for processor 1
  Max Mhz: 2500, Current Mhz: 2500, Mhz Limit: 2500
Processor Information for processor 2
  Max Mhz: 2500, Current Mhz: 1532, Mhz Limit: 2500
Processor Information for processor 3
  Max Mhz: 2500, Current Mhz: 1532, Mhz Limit: 2500
Processor Information for processor 4
  Max Mhz: 2500, Current Mhz: 1532, Mhz Limit: 2500
Processor Information for processor 5
  Max Mhz: 2500, Current Mhz: 2500, Mhz Limit: 2500
Processor Information for processor 6
  Max Mhz: 2500, Current Mhz: 1532, Mhz Limit: 2500
Processor Information for processor 7
  Max Mhz: 2500, Current Mhz: 2500, Mhz Limit: 2500
Processor Information for processor 8
  Max Mhz: 2500, Current Mhz: 1800, Mhz Limit: 1800
Processor Information for processor 9
  Max Mhz: 2500, Current Mhz: 1800, Mhz Limit: 1800
Processor Information for processor 10
  Max Mhz: 2500, Current Mhz: 1800, Mhz Limit: 1800
Processor Information for processor 11
  Max Mhz: 2500, Current Mhz: 1800, Mhz Limit: 1800
Processor Information for processor 12
  Max Mhz: 2500, Current Mhz: 1800, Mhz Limit: 1800
Processor Information for processor 13
  Max Mhz: 2500, Current Mhz: 1800, Mhz Limit: 1800
Processor Information for processor 14
  Max Mhz: 2500, Current Mhz: 1800, Mhz Limit: 1800
Processor Information for processor 15
  Max Mhz: 2500, Current Mhz: 1800, Mhz Limit: 1800

Memory: 4k page, system-wide physical 16176M (930M free)
TotalPageFile size 34926M (AvailPageFile size 12M)
current process WorkingSet (physical memory assigned to process): 323M, peak: 837M
current process commit charge ("private bytes"): 933M, peak: 1077M

vm_info: OpenJDK 64-Bit Server VM (21.0.10+7-LTS) for windows-amd64 JRE (21.0.10+7-LTS), built on 2026-01-20T00:00:00Z by "admin" with MS VC++ 17.12 (VS2022)

END.
